Iteration 10
Timestamp: 2026-01-15T21:59:57.488468
Success: False

============================================================
STDOUT:
============================= test session starts =============================
platform win32 -- Python 3.14.2, pytest-9.0.2, pluggy-0.1.dev919+g0f099630a
benchmark: 5.2.3 (defaults: timer=time.perf_counter disable_gc=False min_rounds=5 min_time=0.000005 max_time=1.0 calibration_precision=10 warmup=False warmup_iterations=100000)
rootdir: C:\Users\ronal\colorame_rename_testing
configfile: pyproject.toml
plugins: anyio-4.12.1, hypothesis-6.148.8, benchmark-5.2.3, cov-7.0.0
collected 53 items

colorama\tests\ansi_test.py ...                                          [  5%]
colorama\tests\ansitowin32_test.py .......................               [ 49%]
colorama\tests\initialise_test.py ssssssssss.F                           [ 71%]
colorama\tests\isatty_test.py .......                                    [ 84%]
colorama\tests\winterm_test.py ........                                  [100%]

================================== FAILURES ===================================
____ ResetAllTest.test_reset_all_calls_reset_console_with_original_stdout _____

self = <colorama.tests.initialise_test.ResetAllTest testMethod=test_reset_all_calls_reset_console_with_original_stdout>
mockATW32 = <MagicMock name='AnsiToWin32' id='2756307360400'>

    @patch('colorama.initialise.AnsiToWin32')
    def test_reset_all_calls_reset_console_with_original_stdout(self, mockATW32):
        prev_stdout = sys.stdout
    
        _wipe_internal_state_for_tests()
        init()
    
        mockATW32.reset_mock()
    
        reset_all()
    
        self.assertTrue(mockATW32.called, 'AnsiToWin32 should be constructed')
        constructed_stream = mockATW32.call_args_list[0][0][0]
        self.assertIs(constructed_stream, prev_stdout, 'reset_all must use original stdout')
>       self.assertTrue(mockATW32.return_value.reset_console.called, 'reset_console should be called')
E       AssertionError: False is not true : reset_console should be called

colorama\tests\initialise_test.py:205: AssertionError
=========================== short test summary info ===========================
FAILED colorama/tests/initialise_test.py::ResetAllTest::test_reset_all_calls_reset_console_with_original_stdout
================== 1 failed, 42 passed, 10 skipped in 0.75s ===================

============================================================
STDERR:
