Iteration 5
Timestamp: 2026-01-15T14:06:45.254824
Success: True

============================================================
STDOUT:
============================= test session starts =============================
platform win32 -- Python 3.14.2, pytest-9.0.2, pluggy-0.1.dev919+g0f099630a -- C:\Users\ronal\AppData\Local\Programs\Python\Python314\python.exe
cachedir: .pytest_cache
hypothesis profile 'default'
benchmark: 5.2.3 (defaults: timer=time.perf_counter disable_gc=False min_rounds=5 min_time=0.000005 max_time=1.0 calibration_precision=10 warmup=False warmup_iterations=100000)
rootdir: C:\Users\ronal\colorame_rename_testing
configfile: pyproject.toml
plugins: anyio-4.12.1, hypothesis-6.148.8, benchmark-5.2.3, cov-7.0.0
collecting ... collected 52 items

tests\ansi_test.py::AnsiTest::testBackAttributes PASSED                  [  1%]
tests\ansi_test.py::AnsiTest::testForeAttributes PASSED                  [  3%]
tests\ansi_test.py::AnsiTest::testStyleAttributes PASSED                 [  5%]
tests\ansitowin32_test.py::StreamWrapperTest::testDelegatesContext PASSED [  7%]
tests\ansitowin32_test.py::StreamWrapperTest::testDelegatesWrite PASSED  [  9%]
tests\ansitowin32_test.py::StreamWrapperTest::testIsAProxy PASSED        [ 11%]
tests\ansitowin32_test.py::StreamWrapperTest::testProxyNoContextManager PASSED [ 13%]
tests\ansitowin32_test.py::StreamWrapperTest::test_closed_shouldnt_raise_on_closed_stream PASSED [ 15%]
tests\ansitowin32_test.py::StreamWrapperTest::test_closed_shouldnt_raise_on_detached_stream PASSED [ 17%]
tests\ansitowin32_test.py::AnsiToWin32Test::testCallWin32UsesLookup PASSED [ 19%]
tests\ansitowin32_test.py::AnsiToWin32Test::testExtractParams PASSED     [ 21%]
tests\ansitowin32_test.py::AnsiToWin32Test::testInit PASSED              [ 23%]
tests\ansitowin32_test.py::AnsiToWin32Test::testStripIsFalseOffWindows PASSED [ 25%]
tests\ansitowin32_test.py::AnsiToWin32Test::testStripIsTrueOnWindows PASSED [ 26%]
tests\ansitowin32_test.py::AnsiToWin32Test::testWriteAndConvertCallsWin32WithParamsAndCommand PASSED [ 28%]
tests\ansitowin32_test.py::AnsiToWin32Test::testWriteAndConvertSkipsEmptySnippets PASSED [ 30%]
tests\ansitowin32_test.py::AnsiToWin32Test::testWriteAndConvertStripsAllValidAnsi PASSED [ 32%]
tests\ansitowin32_test.py::AnsiToWin32Test::testWriteAndConvertWritesPlainText PASSED [ 34%]
tests\ansitowin32_test.py::AnsiToWin32Test::testWriteAutoresets PASSED   [ 36%]
tests\ansitowin32_test.py::AnsiToWin32Test::testWriteDoesNotStripAnsi PASSED [ 38%]
tests\ansitowin32_test.py::AnsiToWin32Test::testWriteStripsAnsi PASSED   [ 40%]
tests\ansitowin32_test.py::AnsiToWin32Test::test_native_windows_ansi PASSED [ 42%]
tests\ansitowin32_test.py::AnsiToWin32Test::test_osc_codes PASSED        [ 44%]
tests\ansitowin32_test.py::AnsiToWin32Test::test_reset_all_shouldnt_raise_on_closed_orig_stdout PASSED [ 46%]
tests\ansitowin32_test.py::AnsiToWin32Test::test_wrap_shouldnt_raise_on_closed_orig_stdout PASSED [ 48%]
tests\ansitowin32_test.py::AnsiToWin32Test::test_wrap_shouldnt_raise_on_missing_closed_attr PASSED [ 50%]
tests\initialise_test.py::InitTest::testAtexitRegisteredOnlyOnce SKIPPED [ 51%]
tests\initialise_test.py::InitTest::testAutoResetChangeable SKIPPED      [ 53%]
tests\initialise_test.py::InitTest::testAutoResetPassedOn SKIPPED (s...) [ 55%]
tests\initialise_test.py::InitTest::testInitAutoresetOnWrapsOnAllPlatforms SKIPPED [ 57%]
tests\initialise_test.py::InitTest::testInitDoesntWrapIfNone SKIPPED     [ 59%]
tests\initialise_test.py::InitTest::testInitDoesntWrapOnEmulatedWindows SKIPPED [ 61%]
tests\initialise_test.py::InitTest::testInitDoesntWrapOnNonWindows SKIPPED [ 63%]
tests\initialise_test.py::InitTest::testInitWrapOffDoesntWrapOnWindows SKIPPED [ 65%]
tests\initialise_test.py::InitTest::testInitWrapOffIncompatibleWithAutoresetOn SKIPPED [ 67%]
tests\initialise_test.py::InitTest::testInitWrapsOnWindows SKIPPED (...) [ 69%]
tests\initialise_test.py::JustFixWindowsConsoleTest::testJustFixWindowsConsole PASSED [ 71%]
tests\isatty_test.py::IsattyTest::test_TTY PASSED                        [ 73%]
tests\isatty_test.py::IsattyTest::test_nonTTY PASSED                     [ 75%]
tests\isatty_test.py::IsattyTest::test_withPycharm PASSED                [ 76%]
tests\isatty_test.py::IsattyTest::test_withPycharmNonTTYOverride PASSED  [ 78%]
tests\isatty_test.py::IsattyTest::test_withPycharmNoneOverride PASSED    [ 80%]
tests\isatty_test.py::IsattyTest::test_withPycharmStreamWrapped PASSED   [ 82%]
tests\isatty_test.py::IsattyTest::test_withPycharmTTYOverride PASSED     [ 84%]
tests\winterm_test.py::WinTermTest::testBack PASSED                      [ 86%]
tests\winterm_test.py::WinTermTest::testFore PASSED                      [ 88%]
tests\winterm_test.py::WinTermTest::testGetAttrs PASSED                  [ 90%]
tests\winterm_test.py::WinTermTest::testInit PASSED                      [ 92%]
tests\winterm_test.py::WinTermTest::testResetAll PASSED                  [ 94%]
tests\winterm_test.py::WinTermTest::testSetConsole PASSED                [ 96%]
tests\winterm_test.py::WinTermTest::testSetConsoleOnStderr PASSED        [ 98%]
tests\winterm_test.py::WinTermTest::testStyle PASSED                     [100%]

======================= 42 passed, 10 skipped in 0.34s ========================

============================================================
STDERR:
